# JRE version: OpenJDK Runtime Environment (11.0.2+9) (build 11.0.2+9)
# Java VM: OpenJDK 64-Bit Server VM (11.0.2+9, mixed mode, tiered, compressed oops, g1 gc, windows-amd64)
Heap:
 garbage-first heap   total 362496K, used 197748K [0x0000000740000000, 0x0000000800000000)
  region size 1024K, 25 young (25600K), 3 survivors (3072K)
 Metaspace       used 105415K, capacity 106797K, committed 111056K, reserved 1144832K
  class space    used 13661K, capacity 14171K, committed 15768K, reserved 1048576K
GC Heap History (10 events):
Event: 284824.421 GC heap before
{Heap before GC invocations=5453 (full 353):
 garbage-first heap   total 362496K, used 234369K [0x0000000740000000, 0x0000000800000000)
  region size 1024K, 60 young (61440K), 2 survivors (2048K)
 Metaspace       used 105183K, capacity 106434K, committed 111056K, reserved 1144832K
  class space    used 13601K, capacity 14066K, committed 15768K, reserved 1048576K
}
Event: 284824.424 GC heap after
{Heap after GC invocations=5454 (full 353):
 garbage-first heap   total 362496K, used 176252K [0x0000000740000000, 0x0000000800000000)
  region size 1024K, 3 young (3072K), 3 survivors (3072K)
 Metaspace       used 105183K, capacity 106434K, committed 111056K, reserved 1144832K
  class space    used 13601K, capacity 14066K, committed 15768K, reserved 1048576K
}
Event: 284836.209 GC heap before
{Heap before GC invocations=5454 (full 353):
 garbage-first heap   total 362496K, used 234620K [0x0000000740000000, 0x0000000800000000)
  region size 1024K, 60 young (61440K), 3 survivors (3072K)
 Metaspace       used 105183K, capacity 106434K, committed 111056K, reserved 1144832K
  class space    used 13601K, capacity 14066K, committed 15768K, reserved 1048576K
}
Event: 284836.212 GC heap after
{Heap after GC invocations=5455 (full 353):
 garbage-first heap   total 362496K, used 176272K [0x0000000740000000, 0x0000000800000000)
  region size 1024K, 3 young (3072K), 3 survivors (3072K)
 Metaspace       used 105183K, capacity 106434K, committed 111056K, reserved 1144832K
  class space    used 13601K, capacity 14066K, committed 15768K, reserved 1048576K
}
Event: 284837.617 GC heap before
{Heap before GC invocations=5455 (full 353):
 garbage-first heap   total 362496K, used 234640K [0x0000000740000000, 0x0000000800000000)
  region size 1024K, 60 young (61440K), 3 survivors (3072K)
 Metaspace       used 105183K, capacity 106434K, committed 111056K, reserved 1144832K
  class space    used 13601K, capacity 14066K, committed 15768K, reserved 1048576K
}
Event: 284837.620 GC heap after
{Heap after GC invocations=5456 (full 353):
 garbage-first heap   total 362496K, used 175511K [0x0000000740000000, 0x0000000800000000)
  region size 1024K, 2 young (2048K), 2 survivors (2048K)
 Metaspace       used 105183K, capacity 106434K, committed 111056K, reserved 1144832K
  class space    used 13601K, capacity 14066K, committed 15768K, reserved 1048576K
}
Event: 284857.861 GC heap before
{Heap before GC invocations=5456 (full 353):
 garbage-first heap   total 362496K, used 234903K [0x0000000740000000, 0x0000000800000000)
  region size 1024K, 60 young (61440K), 2 survivors (2048K)
 Metaspace       used 105183K, capacity 106434K, committed 111056K, reserved 1144832K
  class space    used 13601K, capacity 14066K, committed 15768K, reserved 1048576K
}
Event: 284857.863 GC heap after
{Heap after GC invocations=5457 (full 353):
 garbage-first heap   total 362496K, used 175502K [0x0000000740000000, 0x0000000800000000)
  region size 1024K, 2 young (2048K), 2 survivors (2048K)
 Metaspace       used 105183K, capacity 106434K, committed 111056K, reserved 1144832K
  class space    used 13601K, capacity 14066K, committed 15768K, reserved 1048576K
}
Event: 284869.700 GC heap before
{Heap before GC invocations=5457 (full 353):
 garbage-first heap   total 362496K, used 234894K [0x0000000740000000, 0x0000000800000000)
  region size 1024K, 60 young (61440K), 2 survivors (2048K)
 Metaspace       used 105413K, capacity 106733K, committed 111056K, reserved 1144832K
  class space    used 13661K, capacity 14171K, committed 15768K, reserved 1048576K
}
Event: 284869.703 GC heap after
{Heap after GC invocations=5458 (full 353):
 garbage-first heap   total 362496K, used 176244K [0x0000000740000000, 0x0000000800000000)
  region size 1024K, 3 young (3072K), 3 survivors (3072K)
 Metaspace       used 105413K, capacity 106733K, committed 111056K, reserved 1144832K
  class space    used 13661K, capacity 14171K, committed 15768K, reserved 1048576K
}

